[debug] > Exec(early(addDefaultCommands), None, None)
[debug] > Exec(addDefaultCommands, None, None)
[debug] > Exec(early(initialize), None, None)
[debug] > Exec(initialize, None, None)
[debug] > Exec(boot, None, None)
[debug] > Exec(writeSbtVersion, None, None)
[debug] > Exec(reload, None, None)
[debug] > Exec(sbtStashOnFailure, None, None)
[debug] > Exec(onFailure loadFailed, None, None)
[debug] > Exec(loadp, None, None)
[info] welcome to sbt 1.6.2 (Amazon.com Inc. Java 17.0.4.1)
[debug] Load.defaultLoad until apply took 387.4459ms
[debug]           Load.loadUnit: plugins took 78.7975ms
[debug]           Load.loadUnit: defsScala took 0.7012ms
[debug] [Loading] Scanning directory C:\Users\nicol\Documents\Progetti\PPS\pps-22-23-lab03\project
[debug] [Loading] Found non-root projects 
[debug] [Loading] Done in C:\Users\nicol\Documents\Progetti\PPS\pps-22-23-lab03\project, returning: ()
[debug] deducing auto plugins based on known facts Set(Atom(sbt.plugins.CorePlugin)) and clauses Clauses(Clause(Atom(sbt.plugins.JvmPlugin),Set(Atom(sbt.plugins.IvyPlugin)))
[debug] Clause(Atom(sbt.ScriptedPlugin),Set(Atom(sbt.plugins.JvmPlugin)))
[debug] Clause(Atom(sbt.plugins.SbtPlugin),Set(Atom(sbt.ScriptedPlugin)))
[debug] Clause(Atom(sbt.plugins.SemanticdbPlugin),Set(Atom(sbt.plugins.JvmPlugin)))
[debug] Clause(Atom(sbt.plugins.JUnitXmlReportPlugin),Set(Atom(sbt.plugins.JvmPlugin)))
[debug] Clause(Atom(sbt.plugins.MiniDependencyTreePlugin),Set(Atom(sbt.plugins.JvmPlugin)))
[debug] Clause(Atom(sbt.plugins.CorePlugin),Set(Atom(sbt.plugins.IvyPlugin)))
[debug] Clause(Atom(sbt.plugins.IvyPlugin),Set(Atom(sbt.plugins.JvmPlugin)))
[debug] Clause(Atom(sbt.plugins.JvmPlugin),Set(Atom(sbt.plugins.SemanticdbPlugin)))
[debug] Clause(Atom(sbt.plugins.JvmPlugin),Set(Atom(sbt.plugins.JUnitXmlReportPlugin)))
[debug] Clause(Atom(sbt.plugins.CorePlugin),Set(Atom(sbt.plugins.Giter8TemplatePlugin)))
[debug] Clause(Atom(sbt.plugins.JvmPlugin),Set(Atom(sbt.plugins.MiniDependencyTreePlugin))))
[debug]   :: deduced result: Matched(sbt.plugins.CorePlugin,sbt.plugins.Giter8TemplatePlugin,sbt.plugins.IvyPlugin,sbt.plugins.JvmPlugin,sbt.plugins.MiniDependencyTreePlugin,sbt.plugins.JUnitXmlReportPlugin,sbt.plugins.SemanticdbPlugin)
[debug] Plugins.deducer#function took 15.4242 ms
[debug]               Load.resolveProject(pps-22-23-lab03-build) took 43.2031ms
[debug]             Load.loadTransitive: finalizeProject(Project(id pps-22-23-lab03-build, base: C:\Users\nicol\Documents\Progetti\PPS\pps-22-23-lab03\project, plugins: List(<none>))) took 103.7921ms
[debug] [Loading] Done in C:\Users\nicol\Documents\Progetti\PPS\pps-22-23-lab03\project, returning: (pps-22-23-lab03-build)
[debug]           Load.loadUnit: loadedProjectsRaw took 125.1511ms
[debug]           Load.loadUnit: cleanEvalClasses took 0.1834ms
[debug]         Load.loadUnit(file:/C:/Users/nicol/Documents/Progetti/PPS/pps-22-23-lab03/project/, ...) took 215.1242ms
[debug]       Load.apply: load took 337.5442ms
[debug]       Load.apply: resolveProjects took 3.812ms
[debug]       Load.apply: finalTransforms took 45.442ms
[debug]       Load.apply: config.delegates took 6.2403ms
[debug]       Load.apply: Def.make(settings)... took 323.0487ms
[debug]       Load.apply: structureIndex took 73.5562ms
[debug]       Load.apply: mkStreams took 1.1555ms
[info] loading project definition from C:\Users\nicol\Documents\Progetti\PPS\pps-22-23-lab03\project
[debug] Running task... Cancel: Signal, check cycles: false, forcegc: true
[debug]     Load.loadUnit: plugins took 1456.0722ms
[debug]     Load.loadUnit: defsScala took 0.003ms
[debug] [Loading] Scanning directory C:\Users\nicol\Documents\Progetti\PPS\pps-22-23-lab03
[debug]       Load.loadUnit: mkEval took 3.8218ms
[debug] [Loading] Found root project root w/ remaining 
[debug] deducing auto plugins based on known facts Set(Atom(sbt.plugins.CorePlugin)) and clauses Clauses(Clause(Atom(sbt.plugins.JvmPlugin),Set(Atom(sbt.plugins.IvyPlugin)))
[debug] Clause(Atom(sbt.ScriptedPlugin),Set(Atom(sbt.plugins.JvmPlugin)))
[debug] Clause(Atom(sbt.plugins.SbtPlugin),Set(Atom(sbt.ScriptedPlugin)))
[debug] Clause(Atom(sbt.plugins.SemanticdbPlugin),Set(Atom(sbt.plugins.JvmPlugin)))
[debug] Clause(Atom(sbt.plugins.JUnitXmlReportPlugin),Set(Atom(sbt.plugins.JvmPlugin)))
[debug] Clause(Atom(sbt.plugins.MiniDependencyTreePlugin),Set(Atom(sbt.plugins.JvmPlugin)))
[debug] Clause(Atom(sbt.plugins.CorePlugin),Set(Atom(sbt.plugins.IvyPlugin)))
[debug] Clause(Atom(sbt.plugins.IvyPlugin),Set(Atom(sbt.plugins.JvmPlugin)))
[debug] Clause(Atom(sbt.plugins.JvmPlugin),Set(Atom(sbt.plugins.SemanticdbPlugin)))
[debug] Clause(Atom(sbt.plugins.JvmPlugin),Set(Atom(sbt.plugins.JUnitXmlReportPlugin)))
[debug] Clause(Atom(sbt.plugins.CorePlugin),Set(Atom(sbt.plugins.Giter8TemplatePlugin)))
[debug] Clause(Atom(sbt.plugins.JvmPlugin),Set(Atom(sbt.plugins.MiniDependencyTreePlugin))))
[debug]   :: deduced result: Matched(sbt.plugins.CorePlugin,sbt.plugins.Giter8TemplatePlugin,sbt.plugins.IvyPlugin,sbt.plugins.JvmPlugin,sbt.plugins.MiniDependencyTreePlugin,sbt.plugins.JUnitXmlReportPlugin,sbt.plugins.SemanticdbPlugin)
[debug] Plugins.deducer#function took 1.535 ms
[info] loading settings for project root from build.sbt ...
[debug]         Load.resolveProject(root) took 3.1026ms
[debug]       Load.loadTransitive: finalizeProject(Project(id root, base: C:\Users\nicol\Documents\Progetti\PPS\pps-22-23-lab03, plugins: List(<none>))) took 5.4021ms
[debug] [Loading] Done in C:\Users\nicol\Documents\Progetti\PPS\pps-22-23-lab03, returning: (root)
[debug]     Load.loadUnit: loadedProjectsRaw took 109.6476ms
[debug]     Load.loadUnit: cleanEvalClasses took 10.6044ms
[debug]   Load.loadUnit(file:/C:/Users/nicol/Documents/Progetti/PPS/pps-22-23-lab03/, ...) took 1578.3855ms
[debug] Load.apply: load took 1594.4658ms
[debug] Load.apply: resolveProjects took 0.0924ms
[debug] Load.apply: finalTransforms took 12.4054ms
[debug] Load.apply: config.delegates took 0.2907ms
[debug] Load.apply: Def.make(settings)... took 67.3025ms
[debug] Load.apply: structureIndex took 26.2536ms
[debug] Load.apply: mkStreams took 0.002ms
[info] set current project to pps-code-lab-3 (in build file:/C:/Users/nicol/Documents/Progetti/PPS/pps-22-23-lab03/)
[debug] > Exec(sbtPopOnFailure, None, None)
[debug] > Exec(resumeFromFailure, None, None)
[debug] > Exec(notifyUsersAboutShell, None, None)
[debug] > Exec(iflast shell, None, None)
[debug] > Exec(shell, None, None)
[info] sbt server started at local:sbt-server-ea48344b414cc6b9cba3
[debug] Writing bsp connection file
[info] started sbt server
